2017-07-12 12:16:52,528 INFO  [org.jboss.modules] (main) JBoss Modules version 1.5.2.Final
2017-07-12 12:16:52,736 INFO  [org.jboss.msc] (main) JBoss MSC version 1.2.6.Final
2017-07-12 12:16:52,835 INFO  [org.jboss.as] (MSC service thread 1-5) WFLYSRV0049: WildFly Full 10.1.0.Final (WildFly Core 2.2.0.Final) starting
2017-07-12 12:16:52,837 DEBUG [org.jboss.as.config] (MSC service thread 1-5) Configured system properties:
	[Standalone] = 
	awt.toolkit = sun.awt.X11.XToolkit
	file.encoding = UTF-8
	file.encoding.pkg = sun.io
	file.separator = /
	java.awt.graphicsenv = sun.awt.X11GraphicsEnvironment
	java.awt.printerjob = sun.print.PSPrinterJob
	java.class.path = /home/krzysztof/Workspaces/BudgetGuru/target/wildfly-run/wildfly-10.1.0.Final/jboss-modules.jar
	java.class.version = 52.0
	java.endorsed.dirs = /home/krzysztof/.sdkman/candidates/java/8u131/jre/lib/endorsed
	java.ext.dirs = /home/krzysztof/.sdkman/candidates/java/8u131/jre/lib/ext:/usr/java/packages/lib/ext
	java.home = /home/krzysztof/.sdkman/candidates/java/8u131/jre
	java.io.tmpdir = /tmp
	java.library.path = /home/krzysztof/IDE/idea/bin::/usr/java/packages/lib/amd64:/usr/lib64:/lib64:/lib:/usr/lib
	java.runtime.name = Java(TM) SE Runtime Environment
	java.runtime.version = 1.8.0_131-b11
	java.specification.name = Java Platform API Specification
	java.specification.vendor = Oracle Corporation
	java.specification.version = 1.8
	java.util.logging.manager = org.jboss.logmanager.LogManager
	java.vendor = Oracle Corporation
	java.vendor.url = http://java.oracle.com/
	java.vendor.url.bug = http://bugreport.sun.com/bugreport/
	java.version = 1.8.0_131
	java.vm.info = mixed mode
	java.vm.name = Java HotSpot(TM) 64-Bit Server VM
	java.vm.specification.name = Java Virtual Machine Specification
	java.vm.specification.vendor = Oracle Corporation
	java.vm.specification.version = 1.8
	java.vm.vendor = Oracle Corporation
	java.vm.version = 25.131-b11
	javax.management.builder.initial = org.jboss.as.jmx.PluggableMBeanServerBuilder
	javax.xml.datatype.DatatypeFactory = __redirected.__DatatypeFactory
	javax.xml.parsers.DocumentBuilderFactory = __redirected.__DocumentBuilderFactory
	javax.xml.parsers.SAXParserFactory = __redirected.__SAXParserFactory
	javax.xml.stream.XMLEventFactory = __redirected.__XMLEventFactory
	javax.xml.stream.XMLInputFactory = __redirected.__XMLInputFactory
	javax.xml.stream.XMLOutputFactory = __redirected.__XMLOutputFactory
	javax.xml.transform.TransformerFactory = __redirected.__TransformerFactory
	javax.xml.validation.SchemaFactory:http://www.w3.org/2001/XMLSchema = __redirected.__SchemaFactory
	javax.xml.xpath.XPathFactory:http://java.sun.com/jaxp/xpath/dom = __redirected.__XPathFactory
	jboss.home.dir = /home/krzysztof/Workspaces/BudgetGuru/target/wildfly-run/wildfly-10.1.0.Final
	jboss.host.name = krzysztof
	jboss.modules.dir = /home/krzysztof/Workspaces/BudgetGuru/target/wildfly-run/wildfly-10.1.0.Final/modules
	jboss.node.name = krzysztof
	jboss.qualified.host.name = krzysztof
	jboss.server.base.dir = /home/krzysztof/Workspaces/BudgetGuru/target/wildfly-run/wildfly-10.1.0.Final/standalone
	jboss.server.config.dir = /home/krzysztof/Workspaces/BudgetGuru/target/wildfly-run/wildfly-10.1.0.Final/standalone/configuration
	jboss.server.data.dir = /home/krzysztof/Workspaces/BudgetGuru/target/wildfly-run/wildfly-10.1.0.Final/standalone/data
	jboss.server.deploy.dir = /home/krzysztof/Workspaces/BudgetGuru/target/wildfly-run/wildfly-10.1.0.Final/standalone/data/content
	jboss.server.log.dir = /home/krzysztof/Workspaces/BudgetGuru/target/wildfly-run/wildfly-10.1.0.Final/standalone/log
	jboss.server.name = krzysztof
	jboss.server.persist.config = true
	jboss.server.temp.dir = /home/krzysztof/Workspaces/BudgetGuru/target/wildfly-run/wildfly-10.1.0.Final/standalone/tmp
	line.separator = 

	logging.configuration = file:/home/krzysztof/Workspaces/BudgetGuru/target/wildfly-run/wildfly-10.1.0.Final/standalone/configuration/logging.properties
	module.path = /home/krzysztof/Workspaces/BudgetGuru/target/wildfly-run/wildfly-10.1.0.Final/modules
	org.jboss.boot.log.file = /home/krzysztof/Workspaces/BudgetGuru/target/wildfly-run/wildfly-10.1.0.Final/standalone/log/server.log
	org.jboss.resolver.warning = true
	org.xml.sax.driver = __redirected.__XMLReaderFactory
	os.arch = amd64
	os.name = Linux
	os.version = 4.10.0-26-generic
	path.separator = :
	sun.arch.data.model = 64
	sun.boot.class.path = /home/krzysztof/.sdkman/candidates/java/8u131/jre/lib/resources.jar:/home/krzysztof/.sdkman/candidates/java/8u131/jre/lib/rt.jar:/home/krzysztof/.sdkman/candidates/java/8u131/jre/lib/sunrsasign.jar:/home/krzysztof/.sdkman/candidates/java/8u131/jre/lib/jsse.jar:/home/krzysztof/.sdkman/candidates/java/8u131/jre/lib/jce.jar:/home/krzysztof/.sdkman/candidates/java/8u131/jre/lib/charsets.jar:/home/krzysztof/.sdkman/candidates/java/8u131/jre/lib/jfr.jar:/home/krzysztof/.sdkman/candidates/java/8u131/jre/classes
	sun.boot.library.path = /home/krzysztof/.sdkman/candidates/java/8u131/jre/lib/amd64
	sun.cpu.endian = little
	sun.cpu.isalist = 
	sun.desktop = gnome
	sun.io.unicode.encoding = UnicodeLittle
	sun.java.command = /home/krzysztof/Workspaces/BudgetGuru/target/wildfly-run/wildfly-10.1.0.Final/jboss-modules.jar -mp /home/krzysztof/Workspaces/BudgetGuru/target/wildfly-run/wildfly-10.1.0.Final/modules org.jboss.as.standalone -Djboss.home.dir=/home/krzysztof/Workspaces/BudgetGuru/target/wildfly-run/wildfly-10.1.0.Final -Djboss.server.base.dir=/home/krzysztof/Workspaces/BudgetGuru/target/wildfly-run/wildfly-10.1.0.Final/standalone -Djboss.server.log.dir=/home/krzysztof/Workspaces/BudgetGuru/target/wildfly-run/wildfly-10.1.0.Final/standalone/log -Djboss.server.config.dir=/home/krzysztof/Workspaces/BudgetGuru/target/wildfly-run/wildfly-10.1.0.Final/standalone/configuration
	sun.java.launcher = SUN_STANDARD
	sun.jnu.encoding = UTF-8
	sun.management.compiler = HotSpot 64-Bit Tiered Compilers
	sun.os.patch.level = unknown
	user.country = US
	user.dir = /home/krzysztof/Workspaces/BudgetGuru
	user.home = /home/krzysztof
	user.language = en
	user.name = krzysztof
	user.timezone = Europe/Warsaw
2017-07-12 12:16:52,837 DEBUG [org.jboss.as.config] (MSC service thread 1-5) VM Arguments: -D[Standalone] -Dorg.jboss.boot.log.file=/home/krzysztof/Workspaces/BudgetGuru/target/wildfly-run/wildfly-10.1.0.Final/standalone/log/server.log -Dlogging.configuration=file:/home/krzysztof/Workspaces/BudgetGuru/target/wildfly-run/wildfly-10.1.0.Final/standalone/configuration/logging.properties 
2017-07-12 12:16:54,076 INFO  [org.jboss.as.server] (Controller Boot Thread) WFLYSRV0039: Creating http management service using socket-binding (management-http)
2017-07-12 12:16:54,091 INFO  [org.xnio] (MSC service thread 1-7) XNIO version 3.4.0.Final
2017-07-12 12:16:54,098 INFO  [org.xnio.nio] (MSC service thread 1-7) XNIO NIO Implementation Version 3.4.0.Final
2017-07-12 12:16:54,118 INFO  [org.jboss.as.clustering.infinispan] (ServerService Thread Pool -- 38) WFLYCLINF0001: Activating Infinispan subsystem.
2017-07-12 12:16:54,138 INFO  [org.wildfly.extension.io] (ServerService Thread Pool -- 37) WFLYIO001: Worker 'default' has auto-configured to 16 core threads with 128 task threads based on your 8 available processors
2017-07-12 12:16:54,178 WARN  [org.jboss.as.txn] (ServerService Thread Pool -- 54) WFLYTX0013: Node identifier property is set to the default value. Please make sure it is unique.
2017-07-12 12:16:54,182 INFO  [org.jboss.as.connector] (MSC service thread 1-3) WFLYJCA0009: Starting JCA Subsystem (WildFly/IronJacamar 1.3.4.Final)
2017-07-12 12:16:54,186 INFO  [org.jboss.as.naming] (ServerService Thread Pool -- 46) WFLYNAM0001: Activating Naming Subsystem
2017-07-12 12:16:54,189 INFO  [org.jboss.as.security] (ServerService Thread Pool -- 53) WFLYSEC0002: Activating Security Subsystem
2017-07-12 12:16:54,192 INFO  [org.jboss.remoting] (MSC service thread 1-7) JBoss Remoting version 4.0.21.Final
2017-07-12 12:16:54,196 INFO  [org.jboss.as.jsf] (ServerService Thread Pool -- 44) WFLYJSF0007: Activated the following JSF Implementations: [main]
2017-07-12 12:16:54,202 INFO  [org.jboss.as.security] (MSC service thread 1-4) WFLYSEC0001: Current PicketBox version=4.9.6.Final
2017-07-12 12:16:54,204 INFO  [org.jboss.as.webservices] (ServerService Thread Pool -- 56) WFLYWS0002: Activating WebServices Extension
2017-07-12 12:16:54,224 INFO  [org.jboss.as.connector.subsystems.datasources] (ServerService Thread Pool -- 33) WFLYJCA0004: Deploying JDBC-compliant driver class org.h2.Driver (version 1.3)
2017-07-12 12:16:54,227 INFO  [org.jboss.as.connector.deployers.jdbc] (MSC service thread 1-7) WFLYJCA0018: Started Driver service with driver-name = h2
2017-07-12 12:16:54,369 INFO  [org.jboss.as.naming] (MSC service thread 1-6) WFLYNAM0003: Starting Naming Service
2017-07-12 12:16:54,369 INFO  [org.jboss.as.mail.extension] (MSC service thread 1-5) WFLYMAIL0001: Bound mail session [java:jboss/mail/Default]
2017-07-12 12:16:54,399 INFO  [org.wildfly.extension.undertow] (MSC service thread 1-3) WFLYUT0003: Undertow 1.4.0.Final starting
2017-07-12 12:16:54,516 INFO  [org.wildfly.extension.undertow] (ServerService Thread Pool -- 55) WFLYUT0014: Creating file handler for path '/home/krzysztof/Workspaces/BudgetGuru/target/wildfly-run/wildfly-10.1.0.Final/welcome-content' with options [directory-listing: 'false', follow-symlink: 'false', case-sensitive: 'true', safe-symlink-paths: '[]']
2017-07-12 12:16:54,521 INFO  [org.wildfly.extension.undertow] (MSC service thread 1-8) WFLYUT0012: Started server default-server.
2017-07-12 12:16:54,528 INFO  [org.wildfly.extension.undertow] (MSC service thread 1-5) WFLYUT0018: Host default-host starting
2017-07-12 12:16:54,553 INFO  [org.jboss.as.ejb3] (MSC service thread 1-7) WFLYEJB0481: Strict pool slsb-strict-max-pool is using a max instance size of 128 (per class), which is derived from thread worker pool sizing.
2017-07-12 12:16:54,553 INFO  [org.jboss.as.ejb3] (MSC service thread 1-4) WFLYEJB0482: Strict pool mdb-strict-max-pool is using a max instance size of 32 (per class), which is derived from the number of CPUs on this host.
2017-07-12 12:16:54,588 INFO  [org.wildfly.extension.undertow] (MSC service thread 1-8) WFLYUT0006: Undertow HTTP listener default listening on 127.0.0.1:8080
2017-07-12 12:16:54,703 INFO  [org.jboss.as.connector.subsystems.datasources] (MSC service thread 1-5) WFLYJCA0001: Bound data source [java:jboss/datasources/ExampleDS]
2017-07-12 12:16:54,751 WARN  [org.jboss.as.domain.management.security] (MSC service thread 1-1) WFLYDM0111: Keystore /home/krzysztof/Workspaces/BudgetGuru/target/wildfly-run/wildfly-10.1.0.Final/standalone/configuration/application.keystore not found, it will be auto generated on first use with a self signed certificate for host localhost
2017-07-12 12:16:54,787 INFO  [org.jboss.as.server.deployment.scanner] (MSC service thread 1-2) WFLYDS0013: Started FileSystemDeploymentService for directory /home/krzysztof/Workspaces/BudgetGuru/target/wildfly-run/wildfly-10.1.0.Final/standalone/deployments
2017-07-12 12:16:54,925 INFO  [org.infinispan.factories.GlobalComponentRegistry] (MSC service thread 1-8) ISPN000128: Infinispan version: Infinispan 'Chakra' 8.2.4.Final
2017-07-12 12:16:54,964 INFO  [org.infinispan.configuration.cache.EvictionConfigurationBuilder] (ServerService Thread Pool -- 60) ISPN000152: Passivation configured without an eviction policy being selected. Only manually evicted entities will be passivated.
2017-07-12 12:16:54,965 INFO  [org.infinispan.configuration.cache.EvictionConfigurationBuilder] (ServerService Thread Pool -- 60) ISPN000152: Passivation configured without an eviction policy being selected. Only manually evicted entities will be passivated.
2017-07-12 12:16:54,972 INFO  [org.infinispan.configuration.cache.EvictionConfigurationBuilder] (ServerService Thread Pool -- 61) ISPN000152: Passivation configured without an eviction policy being selected. Only manually evicted entities will be passivated.
2017-07-12 12:16:54,973 INFO  [org.infinispan.configuration.cache.EvictionConfigurationBuilder] (ServerService Thread Pool -- 61) ISPN000152: Passivation configured without an eviction policy being selected. Only manually evicted entities will be passivated.
2017-07-12 12:16:54,981 INFO  [org.infinispan.configuration.cache.EvictionConfigurationBuilder] (ServerService Thread Pool -- 63) ISPN000152: Passivation configured without an eviction policy being selected. Only manually evicted entities will be passivated.
2017-07-12 12:16:54,982 INFO  [org.infinispan.configuration.cache.EvictionConfigurationBuilder] (ServerService Thread Pool -- 63) ISPN000152: Passivation configured without an eviction policy being selected. Only manually evicted entities will be passivated.
2017-07-12 12:16:55,015 INFO  [org.wildfly.extension.undertow] (MSC service thread 1-6) WFLYUT0006: Undertow HTTPS listener https listening on 127.0.0.1:8443
2017-07-12 12:16:55,095 INFO  [org.jboss.ws.common.management] (MSC service thread 1-1) JBWS022052: Starting JBossWS 5.1.5.Final (Apache CXF 3.1.6) 
2017-07-12 12:16:55,196 INFO  [org.jboss.as] (Controller Boot Thread) WFLYSRV0060: Http management interface listening on http://127.0.0.1:9990/management
2017-07-12 12:16:55,197 INFO  [org.jboss.as] (Controller Boot Thread) WFLYSRV0051: Admin console listening on http://127.0.0.1:9990
2017-07-12 12:16:55,197 INFO  [org.jboss.as] (Controller Boot Thread) WFLYSRV0025: WildFly Full 10.1.0.Final (WildFly Core 2.2.0.Final) started in 3196ms - Started 331 of 577 services (393 services are lazy, passive or on-demand)
2017-07-12 12:16:55,560 INFO  [org.jboss.as.connector.subsystems.datasources] (management-handler-thread - 1) WFLYJCA0005: Deploying non-JDBC-compliant driver class com.mysql.jdbc.Driver (version 5.1)
2017-07-12 12:16:55,561 INFO  [org.jboss.as.connector.deployers.jdbc] (MSC service thread 1-5) WFLYJCA0018: Started Driver service with driver-name = mysql
2017-07-12 12:16:55,647 INFO  [org.jboss.as.connector.subsystems.datasources] (MSC service thread 1-4) WFLYJCA0001: Bound data source [java:jboss/datasources/MySQLDS]
2017-07-12 12:16:55,865 INFO  [org.jboss.as.repository] (management-handler-thread - 3) WFLYDR0001: Content added at location /home/krzysztof/Workspaces/BudgetGuru/target/wildfly-run/wildfly-10.1.0.Final/standalone/data/content/c6/c97da2eccd88771b98e75890d229ab5a2987b7/content
2017-07-12 12:16:55,882 INFO  [org.jboss.as.server.deployment] (MSC service thread 1-8) WFLYSRV0027: Starting deployment of "ROOT.war" (runtime-name: "ROOT.war")
2017-07-12 12:16:56,423 INFO  [org.jboss.as.jpa] (MSC service thread 1-7) WFLYJPA0002: Read persistence.xml for sample
2017-07-12 12:16:56,552 INFO  [org.jboss.as.jpa] (ServerService Thread Pool -- 7) WFLYJPA0010: Starting Persistence Unit (phase 1 of 2) Service 'ROOT.war#sample'
2017-07-12 12:16:56,758 INFO  [org.hibernate.jpa.internal.util.LogHelper] (ServerService Thread Pool -- 7) HHH000204: Processing PersistenceUnitInfo [
	name: sample
	...]
2017-07-12 12:16:56,794 INFO  [org.jboss.weld.deployer] (MSC service thread 1-1) WFLYWELD0003: Processing weld deployment ROOT.war
2017-07-12 12:16:56,826 INFO  [org.hibernate.Version] (ServerService Thread Pool -- 7) HHH000412: Hibernate Core {5.0.10.Final}
2017-07-12 12:16:56,828 INFO  [org.hibernate.cfg.Environment] (ServerService Thread Pool -- 7) HHH000206: hibernate.properties not found
2017-07-12 12:16:56,830 INFO  [org.hibernate.cfg.Environment] (ServerService Thread Pool -- 7) HHH000021: Bytecode provider name : javassist
2017-07-12 12:16:56,862 INFO  [org.hibernate.validator.internal.util.Version] (MSC service thread 1-1) HV000001: Hibernate Validator 5.2.4.Final
2017-07-12 12:16:56,870 INFO  [org.hibernate.annotations.common.Version] (ServerService Thread Pool -- 7) HCANN000001: Hibernate Commons Annotations {5.0.1.Final}
2017-07-12 12:16:56,939 INFO  [org.jboss.as.ejb3.deployment] (MSC service thread 1-1) WFLYEJB0473: JNDI bindings for session bean named 'BudgetEntryDao' in deployment unit 'deployment "ROOT.war"' are as follows:

	java:global/ROOT/BudgetEntryDao!com.kree.keehoo.budgetguru.Daos.BudgetEntryDao
	java:app/ROOT/BudgetEntryDao!com.kree.keehoo.budgetguru.Daos.BudgetEntryDao
	java:module/BudgetEntryDao!com.kree.keehoo.budgetguru.Daos.BudgetEntryDao
	java:global/ROOT/BudgetEntryDao
	java:app/ROOT/BudgetEntryDao
	java:module/BudgetEntryDao

2017-07-12 12:16:56,939 INFO  [org.jboss.as.ejb3.deployment] (MSC service thread 1-1) WFLYEJB0473: JNDI bindings for session bean named 'UserDao' in deployment unit 'deployment "ROOT.war"' are as follows:

	java:global/ROOT/UserDao!com.kree.keehoo.budgetguru.Daos.UserDao
	java:app/ROOT/UserDao!com.kree.keehoo.budgetguru.Daos.UserDao
	java:module/UserDao!com.kree.keehoo.budgetguru.Daos.UserDao
	java:global/ROOT/UserDao
	java:app/ROOT/UserDao
	java:module/UserDao

2017-07-12 12:16:56,940 INFO  [org.jboss.as.ejb3.deployment] (MSC service thread 1-1) WFLYEJB0473: JNDI bindings for session bean named 'UsersRestService' in deployment unit 'deployment "ROOT.war"' are as follows:

	java:global/ROOT/UsersRestService!com.kree.keehoo.budgetguru.REST.UsersRestService
	java:app/ROOT/UsersRestService!com.kree.keehoo.budgetguru.REST.UsersRestService
	java:module/UsersRestService!com.kree.keehoo.budgetguru.REST.UsersRestService
	java:global/ROOT/UsersRestService
	java:app/ROOT/UsersRestService
	java:module/UsersRestService

2017-07-12 12:16:56,940 INFO  [org.jboss.as.ejb3.deployment] (MSC service thread 1-1) WFLYEJB0473: JNDI bindings for session bean named 'BudgetEntryService' in deployment unit 'deployment "ROOT.war"' are as follows:

	java:global/ROOT/BudgetEntryService!com.kree.keehoo.budgetguru.REST.BudgetEntryService
	java:app/ROOT/BudgetEntryService!com.kree.keehoo.budgetguru.REST.BudgetEntryService
	java:module/BudgetEntryService!com.kree.keehoo.budgetguru.REST.BudgetEntryService
	java:global/ROOT/BudgetEntryService
	java:app/ROOT/BudgetEntryService
	java:module/BudgetEntryService

2017-07-12 12:16:57,115 INFO  [org.infinispan.configuration.cache.EvictionConfigurationBuilder] (ServerService Thread Pool -- 7) ISPN000152: Passivation configured without an eviction policy being selected. Only manually evicted entities will be passivated.
2017-07-12 12:16:57,116 INFO  [org.infinispan.configuration.cache.EvictionConfigurationBuilder] (ServerService Thread Pool -- 7) ISPN000152: Passivation configured without an eviction policy being selected. Only manually evicted entities will be passivated.
2017-07-12 12:16:57,132 INFO  [org.jboss.as.connector.deployers.jdbc] (MSC service thread 1-1) WFLYJCA0005: Deploying non-JDBC-compliant driver class com.mysql.jdbc.Driver (version 5.1)
2017-07-12 12:16:57,134 INFO  [org.jboss.as.connector.deployers.jdbc] (MSC service thread 1-1) WFLYJCA0005: Deploying non-JDBC-compliant driver class com.mysql.fabric.jdbc.FabricMySQLDriver (version 5.1)
2017-07-12 12:16:57,166 INFO  [org.jboss.weld.Version] (MSC service thread 1-1) WELD-000900: 2.3.5 (Final)
2017-07-12 12:16:57,199 INFO  [org.jboss.as.connector.deployers.jdbc] (MSC service thread 1-7) WFLYJCA0018: Started Driver service with driver-name = ROOT.war_com.mysql.jdbc.Driver_5_1
2017-07-12 12:16:57,199 INFO  [org.jboss.as.connector.deployers.jdbc] (MSC service thread 1-4) WFLYJCA0018: Started Driver service with driver-name = ROOT.war_com.mysql.fabric.jdbc.FabricMySQLDriver_5_1
2017-07-12 12:16:57,351 INFO  [org.jboss.as.jpa] (ServerService Thread Pool -- 63) WFLYJPA0010: Starting Persistence Unit (phase 2 of 2) Service 'ROOT.war#sample'
2017-07-12 12:16:57,444 INFO  [org.jboss.as.clustering.infinispan] (ServerService Thread Pool -- 7) WFLYCLINF0002: Started client-mappings cache from ejb container
2017-07-12 12:16:57,680 INFO  [org.hibernate.dialect.Dialect] (ServerService Thread Pool -- 63) HHH000400: Using dialect: org.hibernate.dialect.MySQL5Dialect
2017-07-12 12:16:57,719 INFO  [org.hibernate.envers.boot.internal.EnversServiceImpl] (ServerService Thread Pool -- 63) Envers integration enabled? : true
2017-07-12 12:16:58,148 INFO  [org.hibernate.tool.hbm2ddl.SchemaExport] (ServerService Thread Pool -- 63) HHH000227: Running hbm2ddl schema export
2017-07-12 12:16:58,154 INFO  [stdout] (ServerService Thread Pool -- 63) Hibernate: 
2017-07-12 12:16:58,154 INFO  [stdout] (ServerService Thread Pool -- 63)     alter table BudgetEntry 
2017-07-12 12:16:58,155 INFO  [stdout] (ServerService Thread Pool -- 63)         drop 
2017-07-12 12:16:58,155 INFO  [stdout] (ServerService Thread Pool -- 63)         foreign key FK5b5tdn6lwkr9smy2odq31b607
2017-07-12 12:16:58,163 ERROR [org.hibernate.tool.hbm2ddl.SchemaExport] (ServerService Thread Pool -- 63) HHH000389: Unsuccessful: alter table BudgetEntry drop foreign key FK5b5tdn6lwkr9smy2odq31b607
2017-07-12 12:16:58,164 ERROR [org.hibernate.tool.hbm2ddl.SchemaExport] (ServerService Thread Pool -- 63) Table 'budget.BudgetEntry' doesn't exist
2017-07-12 12:16:58,164 INFO  [stdout] (ServerService Thread Pool -- 63) Hibernate: 
2017-07-12 12:16:58,164 INFO  [stdout] (ServerService Thread Pool -- 63)     drop table if exists BudgetEntry
2017-07-12 12:16:58,165 INFO  [stdout] (ServerService Thread Pool -- 63) Hibernate: 
2017-07-12 12:16:58,166 INFO  [stdout] (ServerService Thread Pool -- 63)     drop table if exists hibernate_sequence
2017-07-12 12:16:58,167 INFO  [stdout] (ServerService Thread Pool -- 63) Hibernate: 
2017-07-12 12:16:58,167 INFO  [stdout] (ServerService Thread Pool -- 63)     drop table if exists User
2017-07-12 12:16:58,167 INFO  [stdout] (ServerService Thread Pool -- 63) Hibernate: 
2017-07-12 12:16:58,168 INFO  [stdout] (ServerService Thread Pool -- 63)     create table BudgetEntry (
2017-07-12 12:16:58,168 INFO  [stdout] (ServerService Thread Pool -- 63)         id bigint not null,
2017-07-12 12:16:58,168 INFO  [stdout] (ServerService Thread Pool -- 63)         cost bit not null,
2017-07-12 12:16:58,168 INFO  [stdout] (ServerService Thread Pool -- 63)         value decimal(19,2),
2017-07-12 12:16:58,168 INFO  [stdout] (ServerService Thread Pool -- 63)         user_id bigint,
2017-07-12 12:16:58,168 INFO  [stdout] (ServerService Thread Pool -- 63)         primary key (id)
2017-07-12 12:16:58,168 INFO  [stdout] (ServerService Thread Pool -- 63)     )
2017-07-12 12:16:58,181 INFO  [stdout] (ServerService Thread Pool -- 63) Hibernate: 
2017-07-12 12:16:58,182 INFO  [stdout] (ServerService Thread Pool -- 63)     create table hibernate_sequence (
2017-07-12 12:16:58,182 INFO  [stdout] (ServerService Thread Pool -- 63)         next_val bigint
2017-07-12 12:16:58,182 INFO  [stdout] (ServerService Thread Pool -- 63)     )
2017-07-12 12:16:58,209 INFO  [stdout] (ServerService Thread Pool -- 63) Hibernate: 
2017-07-12 12:16:58,209 INFO  [stdout] (ServerService Thread Pool -- 63)     insert into hibernate_sequence values ( 1 )
2017-07-12 12:16:58,211 INFO  [stdout] (ServerService Thread Pool -- 63) Hibernate: 
2017-07-12 12:16:58,211 INFO  [stdout] (ServerService Thread Pool -- 63)     insert into hibernate_sequence values ( 1 )
2017-07-12 12:16:58,214 INFO  [stdout] (ServerService Thread Pool -- 63) Hibernate: 
2017-07-12 12:16:58,214 INFO  [stdout] (ServerService Thread Pool -- 63)     create table User (
2017-07-12 12:16:58,214 INFO  [stdout] (ServerService Thread Pool -- 63)         id bigint not null,
2017-07-12 12:16:58,214 INFO  [stdout] (ServerService Thread Pool -- 63)         email varchar(255),
2017-07-12 12:16:58,214 INFO  [stdout] (ServerService Thread Pool -- 63)         lastName varchar(255),
2017-07-12 12:16:58,214 INFO  [stdout] (ServerService Thread Pool -- 63)         login varchar(255),
2017-07-12 12:16:58,214 INFO  [stdout] (ServerService Thread Pool -- 63)         name varchar(255),
2017-07-12 12:16:58,215 INFO  [stdout] (ServerService Thread Pool -- 63)         password varchar(255),
2017-07-12 12:16:58,215 INFO  [stdout] (ServerService Thread Pool -- 63)         primary key (id)
2017-07-12 12:16:58,215 INFO  [stdout] (ServerService Thread Pool -- 63)     )
2017-07-12 12:16:58,227 INFO  [stdout] (ServerService Thread Pool -- 63) Hibernate: 
2017-07-12 12:16:58,227 INFO  [stdout] (ServerService Thread Pool -- 63)     alter table BudgetEntry 
2017-07-12 12:16:58,227 INFO  [stdout] (ServerService Thread Pool -- 63)         add constraint FK5b5tdn6lwkr9smy2odq31b607 
2017-07-12 12:16:58,227 INFO  [stdout] (ServerService Thread Pool -- 63)         foreign key (user_id) 
2017-07-12 12:16:58,227 INFO  [stdout] (ServerService Thread Pool -- 63)         references User (id)
2017-07-12 12:16:58,254 INFO  [org.hibernate.tool.hbm2ddl.SchemaExport] (ServerService Thread Pool -- 63) HHH000230: Schema export complete
2017-07-12 12:16:58,259 INFO  [org.hibernate.hql.internal.QueryTranslatorFactoryInitiator] (ServerService Thread Pool -- 63) HHH000397: Using ASTQueryTranslatorFactory
2017-07-12 12:16:59,299 INFO  [org.jboss.resteasy.resteasy_jaxrs.i18n] (ServerService Thread Pool -- 4) RESTEASY002225: Deploying javax.ws.rs.core.Application: class com.kree.keehoo.budgetguru.REST.RestApp
2017-07-12 12:16:59,334 INFO  [org.wildfly.extension.undertow] (ServerService Thread Pool -- 4) WFLYUT0021: Registered web context: /
2017-07-12 12:16:59,349 INFO  [org.jboss.as.server] (management-handler-thread - 3) WFLYSRV0010: Deployed "ROOT.war" (runtime-name : "ROOT.war")
2017-07-12 12:17:32,382 INFO  [stdout] (default task-1) Hibernate: 
2017-07-12 12:17:32,382 INFO  [stdout] (default task-1)     select
2017-07-12 12:17:32,382 INFO  [stdout] (default task-1)         user0_.id as id1_1_,
2017-07-12 12:17:32,382 INFO  [stdout] (default task-1)         user0_.email as email2_1_,
2017-07-12 12:17:32,382 INFO  [stdout] (default task-1)         user0_.lastName as lastName3_1_,
2017-07-12 12:17:32,382 INFO  [stdout] (default task-1)         user0_.login as login4_1_,
2017-07-12 12:17:32,382 INFO  [stdout] (default task-1)         user0_.name as name5_1_,
2017-07-12 12:17:32,382 INFO  [stdout] (default task-1)         user0_.password as password6_1_ 
2017-07-12 12:17:32,382 INFO  [stdout] (default task-1)     from
2017-07-12 12:17:32,382 INFO  [stdout] (default task-1)         User user0_
2017-07-12 12:17:32,443 INFO  [stdout] (default task-1) Returning empty users list
2017-07-12 12:17:32,454 INFO  [stdout] (default task-1) Hibernate: 
2017-07-12 12:17:32,454 INFO  [stdout] (default task-1)     select
2017-07-12 12:17:32,454 INFO  [stdout] (default task-1)         next_val as id_val 
2017-07-12 12:17:32,454 INFO  [stdout] (default task-1)     from
2017-07-12 12:17:32,454 INFO  [stdout] (default task-1)         hibernate_sequence for update
2017-07-12 12:17:32,454 INFO  [stdout] (default task-1)             
2017-07-12 12:17:32,455 INFO  [stdout] (default task-1) Hibernate: 
2017-07-12 12:17:32,455 INFO  [stdout] (default task-1)     update
2017-07-12 12:17:32,455 INFO  [stdout] (default task-1)         hibernate_sequence 
2017-07-12 12:17:32,455 INFO  [stdout] (default task-1)     set
2017-07-12 12:17:32,455 INFO  [stdout] (default task-1)         next_val= ? 
2017-07-12 12:17:32,455 INFO  [stdout] (default task-1)     where
2017-07-12 12:17:32,455 INFO  [stdout] (default task-1)         next_val=?
2017-07-12 12:17:32,488 INFO  [stdout] (default task-1) Hibernate: 
2017-07-12 12:17:32,488 INFO  [stdout] (default task-1)     insert 
2017-07-12 12:17:32,488 INFO  [stdout] (default task-1)     into
2017-07-12 12:17:32,488 INFO  [stdout] (default task-1)         User
2017-07-12 12:17:32,488 INFO  [stdout] (default task-1)         (email, lastName, login, name, password, id) 
2017-07-12 12:17:32,488 INFO  [stdout] (default task-1)     values
2017-07-12 12:17:32,489 INFO  [stdout] (default task-1)         (?, ?, ?, ?, ?, ?)
2017-07-12 12:17:32,498 INFO  [stdout] (default task-1) Hibernate: 
2017-07-12 12:17:32,498 INFO  [stdout] (default task-1)     select
2017-07-12 12:17:32,498 INFO  [stdout] (default task-1)         budgetentr0_.id as id1_0_,
2017-07-12 12:17:32,498 INFO  [stdout] (default task-1)         budgetentr0_.cost as cost2_0_,
2017-07-12 12:17:32,498 INFO  [stdout] (default task-1)         budgetentr0_.value as value3_0_,
2017-07-12 12:17:32,498 INFO  [stdout] (default task-1)         budgetentr0_.user_id as user_id4_0_ 
2017-07-12 12:17:32,498 INFO  [stdout] (default task-1)     from
2017-07-12 12:17:32,498 INFO  [stdout] (default task-1)         BudgetEntry budgetentr0_
2017-07-12 12:17:32,500 INFO  [stdout] (default task-1) Hibernate: 
2017-07-12 12:17:32,500 INFO  [stdout] (default task-1)     select
2017-07-12 12:17:32,500 INFO  [stdout] (default task-1)         next_val as id_val 
2017-07-12 12:17:32,500 INFO  [stdout] (default task-1)     from
2017-07-12 12:17:32,501 INFO  [stdout] (default task-1)         hibernate_sequence for update
2017-07-12 12:17:32,501 INFO  [stdout] (default task-1)             
2017-07-12 12:17:32,502 INFO  [stdout] (default task-1) Hibernate: 
2017-07-12 12:17:32,502 INFO  [stdout] (default task-1)     update
2017-07-12 12:17:32,502 INFO  [stdout] (default task-1)         hibernate_sequence 
2017-07-12 12:17:32,502 INFO  [stdout] (default task-1)     set
2017-07-12 12:17:32,502 INFO  [stdout] (default task-1)         next_val= ? 
2017-07-12 12:17:32,502 INFO  [stdout] (default task-1)     where
2017-07-12 12:17:32,502 INFO  [stdout] (default task-1)         next_val=?
2017-07-12 12:17:32,508 INFO  [stdout] (default task-1) Hibernate: 
2017-07-12 12:17:32,508 INFO  [stdout] (default task-1)     insert 
2017-07-12 12:17:32,508 INFO  [stdout] (default task-1)     into
2017-07-12 12:17:32,508 INFO  [stdout] (default task-1)         BudgetEntry
2017-07-12 12:17:32,508 INFO  [stdout] (default task-1)         (cost, value, user_id, id) 
2017-07-12 12:17:32,508 INFO  [stdout] (default task-1)     values
2017-07-12 12:17:32,508 INFO  [stdout] (default task-1)         (?, ?, ?, ?)
